<?xml version="1.0" encoding="UTF-8"?>
<!-- Generated by org.testng.reporters.JUnitReportReporter -->
<testsuite hostname="Vishnu_Hari" failures="0" tests="2" name="com.guvi.automation.selenium_testing.MainTest" time="31.487" errors="0" timestamp="2025-09-21T06:30:53 IST" skipped="0">
  <testcase classname="com.guvi.automation.selenium_testing.MainTest" name="registerUser" time="14.389"/>
  <testcase classname="com.guvi.automation.selenium_testing.MainTest" name="loginUser" time="17.098"/>
</testsuite> <!-- com.guvi.automation.selenium_testing.MainTest -->
